----------------------------------------------------------------
Tue Jun 20 14:38:52 CAT 2023:
Booting Derby version The Apache Software Foundation - Apache Derby - 10.14.2.0 - (1828579): instance a816c00e-0188-d8d0-9ab2-0000050eaca0 
on database directory memory:C:\Users\celiwe khoza\Documents\sbongile's work\irdeto\sibongileassessment\sibongileassessment\914d02fd-2553-4c69-92b4-a7fe79075055 with class loader sun.misc.Launcher$AppClassLoader@18b4aac2 
Loaded from file:/C:/Users/celiwe%20khoza/.m2/repository/org/apache/derby/derby/10.14.2.0/derby-10.14.2.0.jar
java.vendor=Oracle Corporation
java.runtime.version=1.8.0_66-b17
user.dir=C:\Users\celiwe khoza\Documents\sbongile's work\irdeto\sibongileassessment\sibongileassessment
os.name=Windows 10
os.arch=amd64
os.version=10.0
derby.system.home=null
Database Class Loader started - derby.database.classpath=''
----------------------------------------------------------------
Tue Jun 20 14:39:21 CAT 2023:
Shutting down instance a816c00e-0188-d8d0-9ab2-0000050eaca0 on database directory memory:C:\Users\celiwe khoza\Documents\sbongile's work\irdeto\sibongileassessment\sibongileassessment\914d02fd-2553-4c69-92b4-a7fe79075055 with class loader sun.misc.Launcher$AppClassLoader@18b4aac2 
----------------------------------------------------------------
Tue Jun 20 14:39:32 CAT 2023:
Booting Derby version The Apache Software Foundation - Apache Derby - 10.14.2.0 - (1828579): instance 7bc640ef-0188-d8d0-9ab2-0000050eaca0 
on database directory memory:C:\Users\celiwe khoza\Documents\sbongile's work\irdeto\sibongileassessment\sibongileassessment\1ab4a635-c92d-45cc-9a34-cb47f03f0974 with class loader sun.misc.Launcher$AppClassLoader@18b4aac2 
Loaded from file:/C:/Users/celiwe%20khoza/.m2/repository/org/apache/derby/derby/10.14.2.0/derby-10.14.2.0.jar
java.vendor=Oracle Corporation
java.runtime.version=1.8.0_66-b17
user.dir=C:\Users\celiwe khoza\Documents\sbongile's work\irdeto\sibongileassessment\sibongileassessment
os.name=Windows 10
os.arch=amd64
os.version=10.0
derby.system.home=null
Database Class Loader started - derby.database.classpath=''
